Login Logs

 Echec de la connexion. Tentative de connexion par ::1 le 2017-07-15 16:22:06
 Echec de la connexion. Tentative de connexion par ::1 le 2017-07-15 16:22:09
 Connexion réussie par ::1 le 2017-07-15 16:22:21
 Connexion réussie par ::1 le 2017-07-16 15:05:52
 Connexion réussie par ::1 le 2017-07-16 17:44:17
 Connexion réussie par ::1 le 2017-07-17 21:43:54
 Connexion réussie par ::1 le 2017-07-21 21:30:23
 Connexion réussie par ::1 le 2017-07-22 15:42:42
 Connexion réussie par ::1 le 2017-07-22 16:22:42
 Echec de la connexion. Tentative de connexion par ::1:root2 le 2017-07-22 16:23:43
 Echec de la connexion. Tentative de connexion par ::1:root2 le 2017-07-22 16:24:18
 Connexion réussie par ::1 le 2017-07-22 16:25:29
 Connexion réussie par ::1 le 2017-07-22 16:47:32
 Connexion réussie par ::1 le 2017-07-22 22:10:14
 Connexion réussie par ::1 le 2017-07-27 15:10:36
 Connexion réussie par ::1 le 2017-08-05 17:06:28
 Connexion réussie par ::1 le 2017-08-06 22:46:35
 Connexion réussie par ::1 le 2017-08-07 12:45:18
 Connexion réussie par ::1 le 2017-08-07 15:26:43
 Connexion réussie par ::1 le 2017-08-07 21:23:41
 Connexion réussie par ::1 le 2017-08-07 21:44:19
 Connexion réussie par ::1 le 2017-08-07 21:52:32
 Connexion réussie par ::1 le 2017-08-07 21:53:48
 Connexion réussie par ::1 le 2017-08-07 21:56:50
 Connexion réussie par ::1 le 2017-08-07 21:57:00
 Connexion réussie par ::1 le 2017-08-07 21:58:28
 Connexion réussie par root@::1 le 2017-08-07 21:58:36
 Connexion réussie par ::1 le 2017-08-07 21:59:14
 Echec de la connexion. Tentative de connexion (user) par ::1:root le 2017-08-07 22:00:05
 Connexion réussie par root@::1 le 2017-08-07 22:00:27
 Connexion réussie par root@::1 le 2017-08-07 22:04:11
 Connexion réussie par ::1 le 2017-08-07 22:05:02
 Connexion réussie par root@::1 le 2017-08-07 22:08:06
 Connexion réussie par ::1 le 2017-08-07 22:08:12
 Connexion réussie par ::1 le 2017-08-07 22:08:18
 Connexion réussie par root@::1 le 2017-08-07 22:17:51
 Connexion réussie par ::1 le 2017-08-07 22:17:58
 Connexion réussie par root@::1 le 2017-08-07 22:19:04
 Echec de la connexion. Tentative de connexion (user) par ::1:index le 2017-08-07 22:24:58
 Echec de la connexion. Tentative de connexion par ::1:index le 2017-08-07 22:25:14